<?xml version="1.0" encoding="UTF-8" ?>
<testsuites errors="10"
            failures="2"
            tests="16">

  <testsuite name="test"
    errors="10" failures="2" hostname="" id="" package="test" skipped="0"
    tests="16" time="80.53" timestamp="Tue, 23 Jan 2018 06:06:46 GMT">
  
    <testcase name="Login" classname="test" time="14.87" assertions="3">

    

    

    
    </testcase>
  
    <testcase name="Navigate List" classname="test" time="11.68" assertions="0">
    </testcase>
  
    <testcase name="No Next calls" classname="test" time="4.075" assertions="0">
    </testcase>
  
    <testcase name="All" classname="test" time="4.072" assertions="0">
    </testcase>
  
    <testcase name="Future w/o PTP" classname="test" time="6.109" assertions="0">
    </testcase>
  
    <testcase name="Inventory Filter" classname="test" time="5.205" assertions="0">
    </testcase>
  
    <testcase name="Inventory Filter Restore" classname="test" time="3.183" assertions="0">
    </testcase>
  
    <testcase name="Debtor Page" classname="test" time="7.078" assertions="0">
    </testcase>
  
    <testcase name="Delete Contact" classname="test" time="2.036" assertions="0">
    </testcase>
  
    <testcase name="Add Contact Invalid" classname="test" time="11.13" assertions="1">

    
    </testcase>
  
    <testcase name="Address Tab" classname="test" time="2.067" assertions="0">
    </testcase>
  
    <testcase name="Collector History" classname="test" time="1.148" assertions="0">
    </testcase>
  
    <testcase name="Notes" classname="test" time="0.000" assertions="0">
    </testcase>
  
    <testcase name="Today Invalid" classname="test" time="2.064" assertions="1">  <failure message="Expected element &lt;//*[@id=&#34;filter_today&#34;]/a&gt; text to contain: &#34;Today 1&#34;">    at Object.Today Invalid (C:\Users\Peter Wong\Documents\Nightwatch\Volare_Collector\test.js:327:17)
    at _combinedTickCallback (internal/process/next_tick.js:131:7)</failure>

    
    </testcase>
  
    <testcase name="Logout" classname="test" time="5.377" assertions="1">  <failure message="Logout successful">    at Object.Logout (C:\Users\Peter Wong\Documents\Nightwatch\Volare_Collector\test.js:337:17)
    at _combinedTickCallback (internal/process/next_tick.js:131:7)</failure>

    
    </testcase>
  
    <testcase name="Tear Down" classname="test" time="0.4320" assertions="0">
    </testcase>
  

  
    <system-err>
      ERROR: Unable to locate element: &#34;/html/body/div[16]/div/div[10]/button[2]&#34; using: xpath
    at Object.Delete Contact (C:\Users\Peter Wong\Documents\Nightwatch\Volare_Collector\test.js:256:10)
    at Module.call (C:\Users\Peter Wong\AppData\Roaming\npm\node_modules\nightwatch\lib\runner\module.js:62:34)
    at C:\Users\Peter Wong\AppData\Roaming\npm\node_modules\nightwatch\lib\runner\testcase.js:70:29
    at _fulfilled (C:\Users\Peter Wong\AppData\Roaming\npm\node_modules\nightwatch\node_modules\q\q.js:834:54)
    at self.promiseDispatch.done (C:\Users\Peter Wong\AppData\Roaming\npm\node_modules\nightwatch\node_modules\q\q.js:863:30)
    at Promise.promise.promiseDispatch (C:\Users\Peter Wong\AppData\Roaming\npm\node_modules\nightwatch\node_modules\q\q.js:796:13)
    at C:\Users\Peter Wong\AppData\Roaming\npm\node_modules\nightwatch\node_modules\q\q.js:556:49
    at runSingle (C:\Users\Peter Wong\AppData\Roaming\npm\node_modules\nightwatch\node_modules\q\q.js:137:13)
    at flush (C:\Users\Peter Wong\AppData\Roaming\npm\node_modules\nightwatch\node_modules\q\q.js:125:13)
    at _combinedTickCallback (internal/process/next_tick.js:131:7)
ERROR: Unable to locate element: &#34;/html/body/div[16]/div/div[10]/button[1]&#34; using: xpath
    at Object.Delete Contact (C:\Users\Peter Wong\Documents\Nightwatch\Volare_Collector\test.js:257:10)
    at Module.call (C:\Users\Peter Wong\AppData\Roaming\npm\node_modules\nightwatch\lib\runner\module.js:62:34)
    at C:\Users\Peter Wong\AppData\Roaming\npm\node_modules\nightwatch\lib\runner\testcase.js:70:29
    at _fulfilled (C:\Users\Peter Wong\AppData\Roaming\npm\node_modules\nightwatch\node_modules\q\q.js:834:54)
    at self.promiseDispatch.done (C:\Users\Peter Wong\AppData\Roaming\npm\node_modules\nightwatch\node_modules\q\q.js:863:30)
    at Promise.promise.promiseDispatch (C:\Users\Peter Wong\AppData\Roaming\npm\node_modules\nightwatch\node_modules\q\q.js:796:13)
    at C:\Users\Peter Wong\AppData\Roaming\npm\node_modules\nightwatch\node_modules\q\q.js:556:49
    at runSingle (C:\Users\Peter Wong\AppData\Roaming\npm\node_modules\nightwatch\node_modules\q\q.js:137:13)
    at flush (C:\Users\Peter Wong\AppData\Roaming\npm\node_modules\nightwatch\node_modules\q\q.js:125:13)
    at _combinedTickCallback (internal/process/next_tick.js:131:7)
ERROR: Unable to locate element: &#34;//*[@id=&#34;contact-tab&#34;]/h5/button&#34; using: xpath
    at Object.Add Contact Invalid (C:\Users\Peter Wong\Documents\Nightwatch\Volare_Collector\test.js:267:10)
    at Module.call (C:\Users\Peter Wong\AppData\Roaming\npm\node_modules\nightwatch\lib\runner\module.js:62:34)
    at C:\Users\Peter Wong\AppData\Roaming\npm\node_modules\nightwatch\lib\runner\testcase.js:70:29
    at _fulfilled (C:\Users\Peter Wong\AppData\Roaming\npm\node_modules\nightwatch\node_modules\q\q.js:834:54)
    at self.promiseDispatch.done (C:\Users\Peter Wong\AppData\Roaming\npm\node_modules\nightwatch\node_modules\q\q.js:863:30)
    at Promise.promise.promiseDispatch (C:\Users\Peter Wong\AppData\Roaming\npm\node_modules\nightwatch\node_modules\q\q.js:796:13)
    at C:\Users\Peter Wong\AppData\Roaming\npm\node_modules\nightwatch\node_modules\q\q.js:556:49
    at runSingle (C:\Users\Peter Wong\AppData\Roaming\npm\node_modules\nightwatch\node_modules\q\q.js:137:13)
    at flush (C:\Users\Peter Wong\AppData\Roaming\npm\node_modules\nightwatch\node_modules\q\q.js:125:13)
    at _combinedTickCallback (internal/process/next_tick.js:131:7)
ERROR: Unable to locate element: &#34;//*[@id=&#34;addContact_Contact&#34;]&#34; using: xpath
    at Object.Add Contact Invalid (C:\Users\Peter Wong\Documents\Nightwatch\Volare_Collector\test.js:270:10)
    at Module.call (C:\Users\Peter Wong\AppData\Roaming\npm\node_modules\nightwatch\lib\runner\module.js:62:34)
    at C:\Users\Peter Wong\AppData\Roaming\npm\node_modules\nightwatch\lib\runner\testcase.js:70:29
    at _fulfilled (C:\Users\Peter Wong\AppData\Roaming\npm\node_modules\nightwatch\node_modules\q\q.js:834:54)
    at self.promiseDispatch.done (C:\Users\Peter Wong\AppData\Roaming\npm\node_modules\nightwatch\node_modules\q\q.js:863:30)
    at Promise.promise.promiseDispatch (C:\Users\Peter Wong\AppData\Roaming\npm\node_modules\nightwatch\node_modules\q\q.js:796:13)
    at C:\Users\Peter Wong\AppData\Roaming\npm\node_modules\nightwatch\node_modules\q\q.js:556:49
    at runSingle (C:\Users\Peter Wong\AppData\Roaming\npm\node_modules\nightwatch\node_modules\q\q.js:137:13)
    at flush (C:\Users\Peter Wong\AppData\Roaming\npm\node_modules\nightwatch\node_modules\q\q.js:125:13)
    at _combinedTickCallback (internal/process/next_tick.js:131:7)
ERROR: Unable to locate element: &#34;//*[@id=&#34;addContact_Contact&#34;]&#34; using: xpath
    at Object.Add Contact Invalid (C:\Users\Peter Wong\Documents\Nightwatch\Volare_Collector\test.js:271:10)
    at Module.call (C:\Users\Peter Wong\AppData\Roaming\npm\node_modules\nightwatch\lib\runner\module.js:62:34)
    at C:\Users\Peter Wong\AppData\Roaming\npm\node_modules\nightwatch\lib\runner\testcase.js:70:29
    at _fulfilled (C:\Users\Peter Wong\AppData\Roaming\npm\node_modules\nightwatch\node_modules\q\q.js:834:54)
    at self.promiseDispatch.done (C:\Users\Peter Wong\AppData\Roaming\npm\node_modules\nightwatch\node_modules\q\q.js:863:30)
    at Promise.promise.promiseDispatch (C:\Users\Peter Wong\AppData\Roaming\npm\node_modules\nightwatch\node_modules\q\q.js:796:13)
    at C:\Users\Peter Wong\AppData\Roaming\npm\node_modules\nightwatch\node_modules\q\q.js:556:49
    at runSingle (C:\Users\Peter Wong\AppData\Roaming\npm\node_modules\nightwatch\node_modules\q\q.js:137:13)
    at flush (C:\Users\Peter Wong\AppData\Roaming\npm\node_modules\nightwatch\node_modules\q\q.js:125:13)
    at _combinedTickCallback (internal/process/next_tick.js:131:7)
ERROR: Unable to locate element: &#34;//*[@id=&#34;con1&#34;]&#34; using: xpath
    at Object.Add Contact Invalid (C:\Users\Peter Wong\Documents\Nightwatch\Volare_Collector\test.js:274:10)
    at Module.call (C:\Users\Peter Wong\AppData\Roaming\npm\node_modules\nightwatch\lib\runner\module.js:62:34)
    at C:\Users\Peter Wong\AppData\Roaming\npm\node_modules\nightwatch\lib\runner\testcase.js:70:29
    at _fulfilled (C:\Users\Peter Wong\AppData\Roaming\npm\node_modules\nightwatch\node_modules\q\q.js:834:54)
    at self.promiseDispatch.done (C:\Users\Peter Wong\AppData\Roaming\npm\node_modules\nightwatch\node_modules\q\q.js:863:30)
    at Promise.promise.promiseDispatch (C:\Users\Peter Wong\AppData\Roaming\npm\node_modules\nightwatch\node_modules\q\q.js:796:13)
    at C:\Users\Peter Wong\AppData\Roaming\npm\node_modules\nightwatch\node_modules\q\q.js:556:49
    at runSingle (C:\Users\Peter Wong\AppData\Roaming\npm\node_modules\nightwatch\node_modules\q\q.js:137:13)
    at flush (C:\Users\Peter Wong\AppData\Roaming\npm\node_modules\nightwatch\node_modules\q\q.js:125:13)
    at _combinedTickCallback (internal/process/next_tick.js:131:7)
ERROR: Unable to locate element: &#34;//*[@id=&#34;addContact_Type&#34;]/option[7]&#34; using: xpath
    at Object.Add Contact Invalid (C:\Users\Peter Wong\Documents\Nightwatch\Volare_Collector\test.js:277:10)
    at Module.call (C:\Users\Peter Wong\AppData\Roaming\npm\node_modules\nightwatch\lib\runner\module.js:62:34)
    at C:\Users\Peter Wong\AppData\Roaming\npm\node_modules\nightwatch\lib\runner\testcase.js:70:29
    at _fulfilled (C:\Users\Peter Wong\AppData\Roaming\npm\node_modules\nightwatch\node_modules\q\q.js:834:54)
    at self.promiseDispatch.done (C:\Users\Peter Wong\AppData\Roaming\npm\node_modules\nightwatch\node_modules\q\q.js:863:30)
    at Promise.promise.promiseDispatch (C:\Users\Peter Wong\AppData\Roaming\npm\node_modules\nightwatch\node_modules\q\q.js:796:13)
    at C:\Users\Peter Wong\AppData\Roaming\npm\node_modules\nightwatch\node_modules\q\q.js:556:49
    at runSingle (C:\Users\Peter Wong\AppData\Roaming\npm\node_modules\nightwatch\node_modules\q\q.js:137:13)
    at flush (C:\Users\Peter Wong\AppData\Roaming\npm\node_modules\nightwatch\node_modules\q\q.js:125:13)
    at _combinedTickCallback (internal/process/next_tick.js:131:7)
ERROR: Unable to locate element: &#34;//*[@id=&#34;addContact_Desc&#34;]&#34; using: xpath
    at Object.Add Contact Invalid (C:\Users\Peter Wong\Documents\Nightwatch\Volare_Collector\test.js:280:10)
    at Module.call (C:\Users\Peter Wong\AppData\Roaming\npm\node_modules\nightwatch\lib\runner\module.js:62:34)
    at C:\Users\Peter Wong\AppData\Roaming\npm\node_modules\nightwatch\lib\runner\testcase.js:70:29
    at _fulfilled (C:\Users\Peter Wong\AppData\Roaming\npm\node_modules\nightwatch\node_modules\q\q.js:834:54)
    at self.promiseDispatch.done (C:\Users\Peter Wong\AppData\Roaming\npm\node_modules\nightwatch\node_modules\q\q.js:863:30)
    at Promise.promise.promiseDispatch (C:\Users\Peter Wong\AppData\Roaming\npm\node_modules\nightwatch\node_modules\q\q.js:796:13)
    at C:\Users\Peter Wong\AppData\Roaming\npm\node_modules\nightwatch\node_modules\q\q.js:556:49
    at runSingle (C:\Users\Peter Wong\AppData\Roaming\npm\node_modules\nightwatch\node_modules\q\q.js:137:13)
    at flush (C:\Users\Peter Wong\AppData\Roaming\npm\node_modules\nightwatch\node_modules\q\q.js:125:13)
    at _combinedTickCallback (internal/process/next_tick.js:131:7)
ERROR: Unable to locate element: &#34;//*[@id=&#34;btnCreateContact&#34;]&#34; using: xpath
    at Object.Add Contact Invalid (C:\Users\Peter Wong\Documents\Nightwatch\Volare_Collector\test.js:284:10)
    at Module.call (C:\Users\Peter Wong\AppData\Roaming\npm\node_modules\nightwatch\lib\runner\module.js:62:34)
    at C:\Users\Peter Wong\AppData\Roaming\npm\node_modules\nightwatch\lib\runner\testcase.js:70:29
    at _fulfilled (C:\Users\Peter Wong\AppData\Roaming\npm\node_modules\nightwatch\node_modules\q\q.js:834:54)
    at self.promiseDispatch.done (C:\Users\Peter Wong\AppData\Roaming\npm\node_modules\nightwatch\node_modules\q\q.js:863:30)
    at Promise.promise.promiseDispatch (C:\Users\Peter Wong\AppData\Roaming\npm\node_modules\nightwatch\node_modules\q\q.js:796:13)
    at C:\Users\Peter Wong\AppData\Roaming\npm\node_modules\nightwatch\node_modules\q\q.js:556:49
    at runSingle (C:\Users\Peter Wong\AppData\Roaming\npm\node_modules\nightwatch\node_modules\q\q.js:137:13)
    at flush (C:\Users\Peter Wong\AppData\Roaming\npm\node_modules\nightwatch\node_modules\q\q.js:125:13)
    at _combinedTickCallback (internal/process/next_tick.js:131:7)
ERROR: Unable to locate element: &#34;//*[@id=&#34;logout&#34;]&#34; using: xpath
    at Object.Logout (C:\Users\Peter Wong\Documents\Nightwatch\Volare_Collector\test.js:334:10)
    at Module.call (C:\Users\Peter Wong\AppData\Roaming\npm\node_modules\nightwatch\lib\runner\module.js:62:34)
    at C:\Users\Peter Wong\AppData\Roaming\npm\node_modules\nightwatch\lib\runner\testcase.js:70:29
    at _fulfilled (C:\Users\Peter Wong\AppData\Roaming\npm\node_modules\nightwatch\node_modules\q\q.js:834:54)
    at self.promiseDispatch.done (C:\Users\Peter Wong\AppData\Roaming\npm\node_modules\nightwatch\node_modules\q\q.js:863:30)
    at Promise.promise.promiseDispatch (C:\Users\Peter Wong\AppData\Roaming\npm\node_modules\nightwatch\node_modules\q\q.js:796:13)
    at C:\Users\Peter Wong\AppData\Roaming\npm\node_modules\nightwatch\node_modules\q\q.js:556:49
    at runSingle (C:\Users\Peter Wong\AppData\Roaming\npm\node_modules\nightwatch\node_modules\q\q.js:137:13)
    at flush (C:\Users\Peter Wong\AppData\Roaming\npm\node_modules\nightwatch\node_modules\q\q.js:125:13)
    at _combinedTickCallback (internal/process/next_tick.js:131:7)
    </system-err>
  

  
  </testsuite>
</testsuites>
